<?xml version="1.0" encoding="utf-8"?>
<!DOCTYPE hibernate-configuration PUBLIC
        "-//Hibernate/Hibernate Configuration DTD 3.0//EN"
        "http://hibernate.sourceforge.net/hibernate-configuration-3.0.dtd">

<hibernate-configuration>
    <session-factory>
       <mapping resource="AppointmentType.hbm.xml" />
       <mapping resource="AppointmentBlock.hbm.xml"/>
       <mapping resource="PatientAppointment.hbm.xml"/>
       <mapping resource="TimeSlot.hbm.xml"/>
       <mapping resource="AppointmentStatusHistory.hbm.xml"/>
       <mapping resource="AppointmentRequest.hbm.xml"/>
        <mapping resource="ProviderSchedule.hbm.xml"/>
    </session-factory>
</hibernate-configuration>
